
Log for 'CPLEX' Clone_1 (V12.7.1.0) Sun Sep 24 04:23:09 2017

Tried aggregator 0 times.
No LP presolve or aggregator reductions.
Presolve time = 0.08 sec. (37.53 ticks)
Parallel mode: using up to 3 threads for barrier.

***NOTE: Found 25 dense columns.

Number of nonzeros in lower triangle of A*A' = 9674
Using Approximate Minimum Degree ordering
Total time for automatic ordering = 0.00 sec. (1.66 ticks)
Summary statistics for Cholesky factor:
  Threads                   = 3
  Rows in Factor            = 19510
  Integer space required    = 263096
  Total non-zeros in factor = 515465
  Total FP ops to factor    = 13649075
 Itn      Primal Obj        Dual Obj  Prim Inf Upper Inf  Dual Inf Inf Ratio
   0  1.4868188e+008  0.0000000e+000 1.99e+003 0.00e+000 4.25e+007 1.00e+000
   1  1.4236804e+007 -5.8925033e+004 1.92e+002 0.00e+000 1.95e+007 1.44e-003
   2  2.8699789e+006 -8.6580991e+004 3.98e+001 0.00e+000 5.85e+006 3.86e-003
   3  1.1631445e+006 -1.3366210e+005 1.73e+001 0.00e+000 1.82e+006 4.43e-003
   4  1.6746699e+005 -9.1574484e+004 3.54e+000 0.00e+000 1.48e+005 8.75e-002
   5  5.2884306e+004 -1.9741052e+004 8.96e-001 0.00e+000 4.74e+004 3.37e-001
   6  2.3221152e+004 -1.4882257e+004 3.64e-001 0.00e+000 3.73e+004 5.52e-001
   7  1.0378238e+004 -9.6678526e+003 1.43e-001 0.00e+000 2.58e+004 9.42e-001
   8  7.9028409e+003 -4.7508178e+003 1.04e-001 0.00e+000 1.41e+004 1.58e+000
   9  4.1580706e+003 -3.5627932e+003 5.33e-002 0.00e+000 1.08e+004 2.26e+000
  10  1.6659959e+003 -2.3096411e+003 1.85e-002 0.00e+000 7.30e+003 3.63e+000
  11  1.0030301e+003 -1.1178906e+003 9.23e-003 0.00e+000 4.02e+003 6.79e+000
  12  4.7537920e+002 -7.1028537e+002 3.47e-003 0.00e+000 2.74e+003 1.05e+001
  13  2.8025831e+002 -4.2637334e+002 1.18e-003 0.00e+000 1.86e+003 1.61e+001
  14  2.0042419e+002 -1.0223993e+002 3.97e-004 0.00e+000 8.36e+002 3.79e+001
  15  1.8765318e+002 -4.5033771e+001 1.72e-004 0.00e+000 6.65e+002 4.99e+001
  16  1.7200827e+002  5.5399034e+001 1.11e-004 0.00e+000 3.12e+002 1.08e+002
  17  1.5054008e+002  1.1062819e+002 2.51e-005 0.00e+000 1.18e+002 2.99e+002
  18  1.4535445e+002  1.2405619e+002 4.29e-006 0.00e+000 7.10e+001 5.20e+002
  19  1.4411523e+002  1.3419198e+002 1.49e-006 0.00e+000 3.39e+001 1.12e+003
  20  1.4368317e+002  1.3845674e+002 5.28e-007 0.00e+000 1.83e+001 2.16e+003
  21  1.4362470e+002  1.3995984e+002 2.99e-007 0.00e+000 1.29e+001 3.24e+003
  22  1.4352795e+002  1.4122884e+002 1.27e-007 0.00e+000 8.21e+000 5.56e+003
  23  1.4338992e+002  1.4178022e+002 7.02e-008 0.00e+000 5.94e+000 7.73e+003
  24  1.4326715e+002  1.4289615e+002 1.18e-008 0.00e+000 1.41e+000 4.16e+004
  25  1.4326018e+002  1.4291838e+002 1.04e-008 0.00e+000 1.32e+000 4.52e+004
  26  1.4324384e+002  1.4299365e+002 7.75e-009 0.00e+000 9.59e-001 6.31e+004
  27  1.4323069e+002  1.4306071e+002 5.30e-009 0.00e+000 6.51e-001 9.91e+004
  28  1.4321624e+002  1.4308514e+002 3.06e-009 0.00e+000 5.34e-001 1.24e+005
  29  1.4320770e+002  1.4312010e+002 2.09e-009 0.00e+000 3.56e-001 1.87e+005
  30  1.4319692e+002  1.4314929e+002 8.83e-010 0.00e+000 2.06e-001 3.24e+005
  31  1.4319590e+002  1.4317310e+002 7.51e-010 0.00e+000 9.83e-002 8.58e+005
  32  1.4319115e+002  1.4317812e+002 3.01e-010 0.00e+000 6.89e-002 1.27e+006
  33  1.4319102e+002  1.4317918e+002 3.43e-010 0.00e+000 8.41e-002 1.40e+006
  34  1.4319054e+002  1.4318559e+002 2.90e-010 0.00e+000 2.96e-002 3.93e+006
  35  1.4318978e+002  1.4318844e+002 2.09e-010 0.00e+000 7.34e-003 2.10e+007
  36  1.4318919e+002  1.4318910e+002 2.08e-010 0.00e+000 7.37e-004 2.85e+008
  37  1.4318916e+002  1.4318915e+002 2.15e-010 0.00e+000 7.22e-004 5.40e+009
  38  1.4318916e+002  1.4318915e+002 2.38e-010 0.00e+000 2.80e-003 1.08e+011
  39  1.4318916e+002  1.4318916e+002 6.27e-010 0.00e+000 1.00e-003 1.37e+012
Barrier time = 2.33 sec. (954.51 ticks)

Primal crossover.
  Primal:  Fixing 1 variable.
        0 PMoves:  Infeasibility 1.57579891e-003  Objective 1.43189732e+002
  Primal:  Fixed no variables.
  Dual:  Fixing 5 variables.
        4 DMoves:  Infeasibility 1.66966364e+005  Objective 1.43189731e+002
        0 DMoves:  Infeasibility 1.45633634e+005  Objective 1.43189731e+002
  Dual:  Pushed 3, exchanged 2.
Using devex.

Iteration log . . .
Iteration:     1    Objective     =           143.189732
Removing shift (28).
Iteration:    46    Scaled infeas =             0.000042
Iteration:    51    Objective     =           143.191264
Total crossover time = 0.33 sec. (189.16 ticks)

Total time on 3 threads = 2.81 sec. (1331.64 ticks)
Using devex.

Barrier solved model.


Log for 'CPLEX' Clone_1 (V12.7.1.0) Sun Sep 24 04:23:14 2017

Tried aggregator 0 times.
No LP presolve or aggregator reductions.
Presolve time = 0.06 sec. (37.52 ticks)
Parallel mode: using up to 3 threads for barrier.

***NOTE: Found 25 dense columns.

Number of nonzeros in lower triangle of A*A' = 9674
Using Approximate Minimum Degree ordering
Total time for automatic ordering = 0.02 sec. (1.66 ticks)
Summary statistics for Cholesky factor:
  Threads                   = 3
  Rows in Factor            = 19510
  Integer space required    = 263096
  Total non-zeros in factor = 515465
  Total FP ops to factor    = 13649075
 Itn      Primal Obj        Dual Obj  Prim Inf Upper Inf  Dual Inf Inf Ratio
   0  2.0393186e+008  0.0000000e+000 1.99e+003 0.00e+000 5.28e+007 1.00e+000
   1  2.5752265e+007 -1.6070942e+005 2.54e+002 0.00e+000 1.79e+007 1.17e-003
   2  9.0314381e+006 -2.0386322e+005 9.05e+001 0.00e+000 7.07e+006 1.69e-003
   3  3.0549619e+006 -2.0793742e+005 3.20e+001 0.00e+000 3.21e+006 3.60e-003
   4  4.4347371e+005 -1.6449890e+005 5.96e+000 0.00e+000 5.78e+005 2.50e-002
   5  1.2481195e+005 -7.5789316e+004 1.99e+000 0.00e+000 1.82e+005 8.84e-002
   6  3.3229689e+004 -1.6684497e+004 4.97e-001 0.00e+000 4.52e+004 3.94e-001
   7  2.1077523e+004 -1.2098502e+004 3.17e-001 0.00e+000 3.24e+004 5.67e-001
   8  1.3707131e+004 -8.7735842e+003 2.05e-001 0.00e+000 2.37e+004 8.03e-001
   9  8.1563675e+003 -5.9647821e+003 1.13e-001 0.00e+000 1.71e+004 1.15e+000
  10  4.7625622e+003 -4.1875478e+003 5.09e-002 0.00e+000 1.33e+004 1.54e+000
  11  3.3761740e+003 -3.4278627e+003 2.08e-002 0.00e+000 1.18e+004 1.78e+000
  12  3.1587360e+003 -2.9249875e+003 1.67e-002 0.00e+000 1.07e+004 1.97e+000
  13  2.7479716e+003 -1.8080221e+003 9.78e-003 0.00e+000 8.38e+003 2.56e+000
  14  2.5470445e+003 -1.2743052e+003 4.10e-003 0.00e+000 7.32e+003 3.02e+000
  15  2.3775584e+003 -3.3445370e+001 2.36e-003 0.00e+000 4.66e+003 4.93e+000
  16  2.1428435e+003  1.2905891e+003 7.07e-004 0.00e+000 1.69e+003 1.41e+001
  17  2.0862256e+003  1.6004424e+003 3.09e-004 0.00e+000 9.93e+002 2.51e+001
  18  2.0556489e+003  1.9659185e+003 1.26e-004 0.00e+000 1.57e+002 2.52e+002
  19  2.0273241e+003  2.0035039e+003 2.67e-005 0.00e+000 4.74e+001 8.53e+002
  20  2.0217742e+003  2.0077247e+003 6.28e-006 0.00e+000 3.53e+001 1.15e+003
  21  2.0216161e+003  2.0091969e+003 5.07e-006 0.00e+000 3.14e+001 1.32e+003
  22  2.0215907e+003  2.0099150e+003 4.86e-006 0.00e+000 2.95e+001 1.41e+003
  23  2.0212972e+003  2.0153378e+003 2.79e-006 0.00e+000 1.49e+001 3.20e+003
  24  2.0210356e+003  2.0175129e+003 2.13e-006 0.00e+000 8.24e+000 6.25e+003
  25  2.0205834e+003  2.0190057e+003 1.27e-006 0.00e+000 3.12e+000 1.68e+004
  26  2.0199633e+003  2.0198450e+003 1.13e-007 0.00e+000 2.00e-001 2.64e+005
  27  2.0199077e+003  2.0199017e+003 5.71e-009 0.00e+000 1.00e-002 5.27e+006
  28  2.0199049e+003  2.0199046e+003 4.51e-010 0.00e+000 5.09e-004 1.05e+008
  29  2.0199047e+003  2.0199047e+003 2.49e-010 0.00e+000 5.54e-003 2.10e+009
  30  2.0199047e+003  2.0199047e+003 2.40e-010 0.00e+000 1.42e-002 4.19e+010
Barrier time = 1.79 sec. (690.65 ticks)

Primal crossover.
  Primal:  Fixing 3 variables.
        2 PMoves:  Infeasibility 0.00000000e+000  Objective 2.01990472e+003
        0 PMoves:  Infeasibility 0.00000000e+000  Objective 2.01990472e+003
  Primal:  Pushed 0, exchanged 2.
  Dual:  Fixing 1 variable.
        0 DMoves:  Infeasibility 2.90143452e-007  Objective 2.01990472e+003
  Dual:  Pushed 1, exchanged 0.
Using devex.

Iteration log . . .
Iteration:     1    Objective     =          2019.904721
Total crossover time = 0.17 sec. (88.38 ticks)

Total time on 3 threads = 2.11 sec. (966.98 ticks)
Using devex.

Barrier solved model.


Log for 'CPLEX' Clone_1 (V12.7.1.0) Sun Sep 24 04:23:18 2017

Tried aggregator 0 times.
No LP presolve or aggregator reductions.
Presolve time = 0.08 sec. (37.52 ticks)
Parallel mode: using up to 3 threads for barrier.

***NOTE: Found 25 dense columns.

Number of nonzeros in lower triangle of A*A' = 9674
Using Approximate Minimum Degree ordering
Total time for automatic ordering = 0.00 sec. (1.66 ticks)
Summary statistics for Cholesky factor:
  Threads                   = 3
  Rows in Factor            = 19510
  Integer space required    = 263096
  Total non-zeros in factor = 515465
  Total FP ops to factor    = 13649075
 Itn      Primal Obj        Dual Obj  Prim Inf Upper Inf  Dual Inf Inf Ratio
   0  2.0882853e+008  0.0000000e+000 1.99e+003 0.00e+000 5.37e+007 1.00e+000
   1  2.6241211e+007 -1.7048962e+005 2.53e+002 0.00e+000 1.78e+007 1.14e-003
   2  9.6247144e+006 -2.1354825e+005 9.41e+001 0.00e+000 7.20e+006 1.58e-003
   3  3.1322230e+006 -2.1818612e+005 3.21e+001 0.00e+000 3.27e+006 3.38e-003
   4  4.4050719e+005 -1.7313471e+005 5.88e+000 0.00e+000 5.59e+005 2.53e-002
   5  1.2988023e+005 -8.5638257e+004 2.06e+000 0.00e+000 1.98e+005 7.78e-002
   6  3.4451362e+004 -2.1259730e+004 4.92e-001 0.00e+000 5.68e+004 3.01e-001
   7  1.8576969e+004 -1.5391060e+004 2.60e-001 0.00e+000 4.16e+004 4.25e-001
   8  1.1148228e+004 -1.2001713e+004 1.46e-001 0.00e+000 3.33e+004 5.55e-001
   9  8.0151018e+003 -9.7105223e+003 9.30e-002 0.00e+000 2.81e+004 6.80e-001
  10  5.1073825e+003 -6.8370460e+003 4.22e-002 0.00e+000 2.16e+004 9.28e-001
  11  3.6846316e+003 -5.6821578e+003 1.38e-002 0.00e+000 1.91e+004 1.08e+000
  12  3.1774238e+003 -1.8970719e+003 8.20e-003 0.00e+000 1.02e+004 2.14e+000
  13  2.7446894e+003 -1.4265431e+003 2.81e-003 0.00e+000 9.09e+003 2.45e+000
  14  2.5884628e+003 -6.6749727e+002 1.59e-003 0.00e+000 7.28e+003 3.15e+000
  15  2.5005652e+003 -1.3602688e+002 6.08e-004 0.00e+000 6.04e+003 3.96e+000
  16  2.3771173e+003  9.6892767e+002 3.72e-004 0.00e+000 3.16e+003 7.74e+000
  17  2.3116685e+003  1.7679011e+003 1.68e-004 0.00e+000 1.20e+003 2.94e+001
  18  2.2660359e+003  1.8267586e+003 1.16e-004 0.00e+000 1.02e+003 3.52e+001
  19  2.2251917e+003  1.8956112e+003 6.85e-005 0.00e+000 8.16e+002 4.56e+001
  20  2.2056363e+003  1.9581472e+003 4.62e-005 0.00e+000 6.26e+002 6.18e+001
  21  2.1884815e+003  1.9774883e+003 2.86e-005 0.00e+000 5.67e+002 6.92e+001
  22  2.1726449e+003  2.0416623e+003 1.46e-005 0.00e+000 3.63e+002 1.13e+002
  23  2.1703807e+003  2.0678147e+003 1.27e-005 0.00e+000 2.80e+002 1.53e+002
  24  2.1647314e+003  2.0916216e+003 8.68e-006 0.00e+000 2.01e+002 2.23e+002
  25  2.1568490e+003  2.1198644e+003 3.88e-006 0.00e+000 1.05e+002 4.79e+002
  26  2.1508741e+003  2.1402007e+003 1.53e-006 0.00e+000 2.62e+001 2.02e+003
  27  2.1497808e+003  2.1444932e+003 1.14e-006 0.00e+000 8.59e+000 6.74e+003
  28  2.1486289e+003  2.1458089e+003 7.46e-007 0.00e+000 2.83e+000 1.83e+004
  29  2.1469255e+003  2.1465799e+003 1.11e-007 0.00e+000 1.63e-001 2.57e+005
  30  2.1466835e+003  2.1466318e+003 1.65e-008 0.00e+000 2.70e-002 1.63e+006
  31  2.1466494e+003  2.1466417e+003 2.85e-009 0.00e+000 1.66e-003 2.58e+007
  32  2.1466428e+003  2.1466424e+003 4.18e-010 0.00e+000 8.34e-005 5.07e+008
  33  2.1466424e+003  2.1466424e+003 2.85e-010 0.00e+000 1.21e-005 1.00e+010
  34  2.1466424e+003  2.1466424e+003 4.52e-010 0.00e+000 1.86e-003 1.98e+011
  35  2.1466424e+003  2.1466424e+003 3.59e-010 0.00e+000 1.01e-004 3.80e+012
Barrier time = 2.14 sec. (789.20 ticks)

Primal crossover.
  Primal:  Fixing 1 variable.
        0 PMoves:  Infeasibility 8.57706721e-006  Objective 2.14672828e+003
  Primal:  Fixed no variables.
  Dual:  Fixing 3 variables.
        2 DMoves:  Infeasibility 3.97625306e+003  Objective 2.14663978e+003
        0 DMoves:  Infeasibility 3.95211800e+003  Objective 2.14664034e+003
  Dual:  Pushed 0, exchanged 3.
Using devex.

Iteration log . . .
Iteration:     1    Objective     =          2146.728278
Removing shift (2).
Iteration:     6    Scaled infeas =             0.000000
Iteration:     7    Objective     =          2146.643137
Total crossover time = 0.28 sec. (132.67 ticks)

Total time on 3 threads = 2.57 sec. (1109.80 ticks)
Using devex.

Barrier solved model.

